[ 2017-10-14T10:06:20+08:00 ] 60.29.18.51 /index.php?m=admin&c=ShowData
INFO: [ app_init ] --START--
INFO: Run Behavior\BuildLiteBehavior [ RunTime:0.000010s ]
INFO: [ app_init ] --END-- [ RunTime:0.000306s ]
INFO: [ app_begin ] --START--
INFO: Run Behavior\ReadHtmlCacheBehavior [ RunTime:0.000382s ]
INFO: [ app_begin ] --END-- [ RunTime:0.000419s ]
SQL: SHOW COLUMNS FROM `tcash_assets` [ RunTime:0.0007s ]
NOTIC: [2] Missing argument 1 for Think\Model::where(), called in /home/wwwroot/tcash.gcan.top/Application/Admin/Controller/ShowDataController.class.php on line 30 and defined /home/wwwroot/tcash.gcan.top/ThinkPHP/Library/Think/Model.class.php 第 1797 行.
NOTIC: [8] Undefined variable: where /home/wwwroot/tcash.gcan.top/ThinkPHP/Library/Think/Model.class.php 第 1805 行.
NOTIC: [8] Undefined variable: where /home/wwwroot/tcash.gcan.top/ThinkPHP/Library/Think/Model.class.php 第 1808 行.
NOTIC: [8] Undefined variable: where /home/wwwroot/tcash.gcan.top/ThinkPHP/Library/Think/Model.class.php 第 1816 行.
SQL: SELECT * FROM `tcash_assets` ORDER BY createTime desc LIMIT 8   [ RunTime:0.0005s ]
NOTIC: [2] Missing argument 1 for Think\Model::where(), called in /home/wwwroot/tcash.gcan.top/Application/Admin/Controller/ShowDataController.class.php on line 31 and defined /home/wwwroot/tcash.gcan.top/ThinkPHP/Library/Think/Model.class.php 第 1797 行.
NOTIC: [8] Undefined variable: where /home/wwwroot/tcash.gcan.top/ThinkPHP/Library/Think/Model.class.php 第 1805 行.
NOTIC: [8] Undefined variable: where /home/wwwroot/tcash.gcan.top/ThinkPHP/Library/Think/Model.class.php 第 1808 行.
NOTIC: [8] Undefined variable: where /home/wwwroot/tcash.gcan.top/ThinkPHP/Library/Think/Model.class.php 第 1816 行.
SQL: SELECT COUNT(*) AS tp_count FROM `tcash_assets` LIMIT 1   [ RunTime:0.0002s ]
INFO: [ view_parse ] --START--
INFO: [ template_filter ] --START--
INFO: Run Behavior\ContentReplaceBehavior [ RunTime:0.000061s ]
INFO: [ template_filter ] --END-- [ RunTime:0.000099s ]
INFO: Run Behavior\ParseTemplateBehavior [ RunTime:0.007447s ]
INFO: [ view_parse ] --END-- [ RunTime:0.007484s ]
INFO: [ view_filter ] --START--
INFO: Run Behavior\WriteHtmlCacheBehavior [ RunTime:0.000173s ]
INFO: [ view_filter ] --END-- [ RunTime:0.000204s ]
INFO: [ app_end ] --START--
INFO: Run Behavior\ShowPageTraceBehavior [ RunTime:0.000409s ]
INFO: [ app_end ] --END-- [ RunTime:0.000445s ]

[ 2017-10-14T10:06:27+08:00 ] 60.29.18.51 /index.php?m=Admin&c=ShowData&a=pageData
INFO: [ app_init ] --START--
INFO: Run Behavior\BuildLiteBehavior [ RunTime:0.000015s ]
INFO: [ app_init ] --END-- [ RunTime:0.000446s ]
INFO: [ app_begin ] --START--
INFO: Run Behavior\ReadHtmlCacheBehavior [ RunTime:0.000396s ]
INFO: [ app_begin ] --END-- [ RunTime:0.000432s ]
SQL: SHOW COLUMNS FROM `tcash_assets` [ RunTime:0.0008s ]
NOTIC: [2] Missing argument 1 for Think\Model::where(), called in /home/wwwroot/tcash.gcan.top/Application/Admin/Controller/ShowDataController.class.php on line 42 and defined /home/wwwroot/tcash.gcan.top/ThinkPHP/Library/Think/Model.class.php 第 1797 行.
NOTIC: [8] Undefined variable: where /home/wwwroot/tcash.gcan.top/ThinkPHP/Library/Think/Model.class.php 第 1805 行.
NOTIC: [8] Undefined variable: where /home/wwwroot/tcash.gcan.top/ThinkPHP/Library/Think/Model.class.php 第 1808 行.
NOTIC: [8] Undefined variable: where /home/wwwroot/tcash.gcan.top/ThinkPHP/Library/Think/Model.class.php 第 1816 行.
SQL: SELECT * FROM `tcash_assets` ORDER BY createTime desc LIMIT 8,8   [ RunTime:0.0004s ]

[ 2017-10-14T10:06:28+08:00 ] 60.29.18.51 /index.php?m=admin&c=index&a=check
INFO: [ app_init ] --START--
INFO: Run Behavior\BuildLiteBehavior [ RunTime:0.000010s ]
INFO: [ app_init ] --END-- [ RunTime:0.000302s ]
INFO: [ app_begin ] --START--
INFO: Run Behavior\ReadHtmlCacheBehavior [ RunTime:0.000363s ]
INFO: [ app_begin ] --END-- [ RunTime:0.000398s ]
SQL: SHOW COLUMNS FROM `tcash_assets` [ RunTime:0.0006s ]
SQL: SELECT * FROM `tcash_assets` WHERE `date` LIKE '2017-10-04' LIMIT 1   [ RunTime:0.0003s ]

